running egg_info
creating ../build/task02/task02.egg-info
writing ../build/task02/task02.egg-info/PKG-INFO
writing dependency_links to ../build/task02/task02.egg-info/dependency_links.txt
writing entry points to ../build/task02/task02.egg-info/entry_points.txt
writing requirements to ../build/task02/task02.egg-info/requires.txt
writing top-level names to ../build/task02/task02.egg-info/top_level.txt
writing manifest file '../build/task02/task02.egg-info/SOURCES.txt'
reading manifest file '../build/task02/task02.egg-info/SOURCES.txt'
writing manifest file '../build/task02/task02.egg-info/SOURCES.txt'
running build
running build_py
creating /workspace/ros2-iamblobfish/Practice02/src/build/task02/build
creating /workspace/ros2-iamblobfish/Practice02/src/build/task02/build/lib
creating /workspace/ros2-iamblobfish/Practice02/src/build/task02/build/lib/task02
copying task02/__init__.py -> /workspace/ros2-iamblobfish/Practice02/src/build/task02/build/lib/task02
copying task02/publisher.py -> /workspace/ros2-iamblobfish/Practice02/src/build/task02/build/lib/task02
running install
running install_lib
creating /workspace/ros2-iamblobfish/Practice02/src/install/task02/lib/python3.10/site-packages/task02
copying /workspace/ros2-iamblobfish/Practice02/src/build/task02/build/lib/task02/__init__.py -> /workspace/ros2-iamblobfish/Practice02/src/install/task02/lib/python3.10/site-packages/task02
copying /workspace/ros2-iamblobfish/Practice02/src/build/task02/build/lib/task02/publisher.py -> /workspace/ros2-iamblobfish/Practice02/src/install/task02/lib/python3.10/site-packages/task02
byte-compiling /workspace/ros2-iamblobfish/Practice02/src/install/task02/lib/python3.10/site-packages/task02/__init__.py to __init__.cpython-310.pyc
byte-compiling /workspace/ros2-iamblobfish/Practice02/src/install/task02/lib/python3.10/site-packages/task02/publisher.py to publisher.cpython-310.pyc
running install_data
creating /workspace/ros2-iamblobfish/Practice02/src/install/task02/share/ament_index
creating /workspace/ros2-iamblobfish/Practice02/src/install/task02/share/ament_index/resource_index
creating /workspace/ros2-iamblobfish/Practice02/src/install/task02/share/ament_index/resource_index/packages
copying resource/task02 -> /workspace/ros2-iamblobfish/Practice02/src/install/task02/share/ament_index/resource_index/packages
copying package.xml -> /workspace/ros2-iamblobfish/Practice02/src/install/task02/share/task02
creating /workspace/ros2-iamblobfish/Practice02/src/install/task02/share/task02/launch
