[0.436s] Invoking command in '/workspace/ros2-iamblobfish/Practice02/src/task02': PYTHONPATH=/workspace/ros2-iamblobfish/Practice02/src/build/task02/prefix_override:/usr/lib/python3/dist-packages/colcon_core/task/python/colcon_distutils_commands:/workspace/ros2-iamblobfish/Practice02/src/install/task02/lib/python3.10/site-packages:${PYTHONPATH} /usr/bin/python3 -W ignore:setup.py install is deprecated setup.py egg_info --egg-base ../build/task02 build --build-base /workspace/ros2-iamblobfish/Practice02/src/build/task02/build install --record /workspace/ros2-iamblobfish/Practice02/src/build/task02/install.log --single-version-externally-managed install_data
[0.606s] running egg_info
[0.607s] creating ../build/task02/task02.egg-info
[0.607s] writing ../build/task02/task02.egg-info/PKG-INFO
[0.607s] writing dependency_links to ../build/task02/task02.egg-info/dependency_links.txt
[0.607s] writing entry points to ../build/task02/task02.egg-info/entry_points.txt
[0.608s] writing requirements to ../build/task02/task02.egg-info/requires.txt
[0.608s] writing top-level names to ../build/task02/task02.egg-info/top_level.txt
[0.608s] writing manifest file '../build/task02/task02.egg-info/SOURCES.txt'
[0.609s] reading manifest file '../build/task02/task02.egg-info/SOURCES.txt'
[0.609s] writing manifest file '../build/task02/task02.egg-info/SOURCES.txt'
[0.610s] running build
[0.610s] running build_py
[0.610s] creating /workspace/ros2-iamblobfish/Practice02/src/build/task02/build
[0.610s] creating /workspace/ros2-iamblobfish/Practice02/src/build/task02/build/lib
[0.610s] creating /workspace/ros2-iamblobfish/Practice02/src/build/task02/build/lib/task02
[0.610s] copying task02/__init__.py -> /workspace/ros2-iamblobfish/Practice02/src/build/task02/build/lib/task02
[0.610s] copying task02/publisher.py -> /workspace/ros2-iamblobfish/Practice02/src/build/task02/build/lib/task02
[0.610s] running install
[0.610s] running install_lib
[0.611s] creating /workspace/ros2-iamblobfish/Practice02/src/install/task02/lib/python3.10/site-packages/task02
[0.611s] copying /workspace/ros2-iamblobfish/Practice02/src/build/task02/build/lib/task02/__init__.py -> /workspace/ros2-iamblobfish/Practice02/src/install/task02/lib/python3.10/site-packages/task02
[0.611s] copying /workspace/ros2-iamblobfish/Practice02/src/build/task02/build/lib/task02/publisher.py -> /workspace/ros2-iamblobfish/Practice02/src/install/task02/lib/python3.10/site-packages/task02
[0.612s] byte-compiling /workspace/ros2-iamblobfish/Practice02/src/install/task02/lib/python3.10/site-packages/task02/__init__.py to __init__.cpython-310.pyc
[0.612s] byte-compiling /workspace/ros2-iamblobfish/Practice02/src/install/task02/lib/python3.10/site-packages/task02/publisher.py to publisher.cpython-310.pyc
[0.612s] running install_data
[0.612s] creating /workspace/ros2-iamblobfish/Practice02/src/install/task02/share/ament_index
[0.612s] creating /workspace/ros2-iamblobfish/Practice02/src/install/task02/share/ament_index/resource_index
[0.612s] creating /workspace/ros2-iamblobfish/Practice02/src/install/task02/share/ament_index/resource_index/packages
[0.613s] copying resource/task02 -> /workspace/ros2-iamblobfish/Practice02/src/install/task02/share/ament_index/resource_index/packages
[0.613s] copying package.xml -> /workspace/ros2-iamblobfish/Practice02/src/install/task02/share/task02
[0.613s] creating /workspace/ros2-iamblobfish/Practice02/src/install/task02/share/task02/launch
[0.613s] error: can't copy 'launch/task02.launch.py': doesn't exist or not a regular file
[0.628s] Invoked command in '/workspace/ros2-iamblobfish/Practice02/src/task02' returned '1': PYTHONPATH=/workspace/ros2-iamblobfish/Practice02/src/build/task02/prefix_override:/usr/lib/python3/dist-packages/colcon_core/task/python/colcon_distutils_commands:/workspace/ros2-iamblobfish/Practice02/src/install/task02/lib/python3.10/site-packages:${PYTHONPATH} /usr/bin/python3 -W ignore:setup.py install is deprecated setup.py egg_info --egg-base ../build/task02 build --build-base /workspace/ros2-iamblobfish/Practice02/src/build/task02/build install --record /workspace/ros2-iamblobfish/Practice02/src/build/task02/install.log --single-version-externally-managed install_data
