[0.111s] DEBUG:colcon:Command line arguments: ['/usr/bin/colcon', 'build', '--packages-select', 'task03']
[0.111s] DEBUG:colcon:Parsed command line arguments: Namespace(log_base=None, log_level=None, verb_name='build', build_base='build', install_base='install', merge_install=False, symlink_install=False, test_result_base=None, continue_on_error=False, executor='parallel', parallel_workers=12, event_handlers=None, ignore_user_meta=False, metas=['./colcon.meta'], base_paths=['.'], packages_ignore=None, packages_ignore_regex=None, paths=None, packages_up_to=None, packages_up_to_regex=None, packages_above=None, packages_above_and_dependencies=None, packages_above_depth=None, packages_select_by_dep=None, packages_skip_by_dep=None, packages_skip_up_to=None, packages_select_build_failed=False, packages_skip_build_finished=False, packages_select_test_failures=False, packages_skip_test_passed=False, packages_select=['task03'], packages_skip=None, packages_select_regex=None, packages_skip_regex=None, packages_start=None, packages_end=None, cmake_args=None, cmake_target=None, cmake_target_skip_unavailable=False, cmake_clean_cache=False, cmake_clean_first=False, cmake_force_configure=False, ament_cmake_args=None, catkin_cmake_args=None, catkin_skip_building_tests=False, mixin_files=None, mixin=None, verb_parser=<colcon_mixin.mixin.mixin_argument.MixinArgumentDecorator object at 0x7f82fd642740>, verb_extension=<colcon_core.verb.build.BuildVerb object at 0x7f82fd556e00>, main=<bound method BuildVerb.main of <colcon_core.verb.build.BuildVerb object at 0x7f82fd556e00>>, mixin_verb=('build',))
[0.218s] Level 1:colcon.colcon_core.package_discovery:discover_packages(colcon_meta) check parameters
[0.218s] INFO:colcon.colcon_metadata.package_discovery.colcon_meta:Using configuration from '/root/.colcon/metadata/default/Gazebo.meta'
[0.219s] INFO:colcon.colcon_metadata.package_discovery.colcon_meta:Using configuration from '/root/.colcon/metadata/default/fastrtps.meta'
[0.219s] Level 1:colcon.colcon_core.package_discovery:discover_packages(recursive) check parameters
[0.219s] Level 1:colcon.colcon_core.package_discovery:discover_packages(ignore) check parameters
[0.219s] Level 1:colcon.colcon_core.package_discovery:discover_packages(path) check parameters
[0.219s] Level 1:colcon.colcon_core.package_discovery:discover_packages(colcon_meta) discover
[0.219s] Level 1:colcon.colcon_core.package_discovery:discover_packages(recursive) discover
[0.219s] INFO:colcon.colcon_core.package_discovery:Crawling recursively for packages in '/workspace/ros2-iamblobfish/Practice02/src'
[0.219s] Level 1:colcon.colcon_core.package_identification:_identify(.) by extensions ['ignore', 'ignore_ament_install']
[0.219s] Level 1:colcon.colcon_core.package_identification:_identify(.) by extension 'ignore'
[0.219s] Level 1:colcon.colcon_core.package_identification:_identify(.) by extension 'ignore_ament_install'
[0.219s] Level 1:colcon.colcon_core.package_identification:_identify(.) by extensions ['colcon_pkg']
[0.219s] Level 1:colcon.colcon_core.package_identification:_identify(.) by extension 'colcon_pkg'
[0.220s] Level 1:colcon.colcon_core.package_identification:_identify(.) by extensions ['colcon_meta']
[0.220s] Level 1:colcon.colcon_core.package_identification:_identify(.) by extension 'colcon_meta'
[0.220s] Level 1:colcon.colcon_core.package_identification:_identify(.) by extensions ['ros']
[0.220s] Level 1:colcon.colcon_core.package_identification:_identify(.) by extension 'ros'
[0.231s] Level 1:colcon.colcon_core.package_identification:_identify(.) by extensions ['cmake', 'python']
[0.231s] Level 1:colcon.colcon_core.package_identification:_identify(.) by extension 'cmake'
[0.231s] Level 1:colcon.colcon_core.package_identification:_identify(.) by extension 'python'
[0.231s] Level 1:colcon.colcon_core.package_identification:_identify(.) by extensions ['python_setup_py']
[0.231s] Level 1:colcon.colcon_core.package_identification:_identify(.) by extension 'python_setup_py'
[0.231s] Level 1:colcon.colcon_core.package_identification:_identify(build) by extensions ['ignore', 'ignore_ament_install']
[0.231s] Level 1:colcon.colcon_core.package_identification:_identify(build) by extension 'ignore'
[0.231s] Level 1:colcon.colcon_core.package_identification:_identify(build) ignored
[0.231s] Level 1:colcon.colcon_core.package_identification:_identify(install) by extensions ['ignore', 'ignore_ament_install']
[0.231s] Level 1:colcon.colcon_core.package_identification:_identify(install) by extension 'ignore'
[0.231s] Level 1:colcon.colcon_core.package_identification:_identify(install) ignored
[0.231s] Level 1:colcon.colcon_core.package_identification:_identify(log) by extensions ['ignore', 'ignore_ament_install']
[0.231s] Level 1:colcon.colcon_core.package_identification:_identify(log) by extension 'ignore'
[0.232s] Level 1:colcon.colcon_core.package_identification:_identify(log) ignored
[0.232s] Level 1:colcon.colcon_core.package_identification:_identify(task01) by extensions ['ignore', 'ignore_ament_install']
[0.232s] Level 1:colcon.colcon_core.package_identification:_identify(task01) by extension 'ignore'
[0.232s] Level 1:colcon.colcon_core.package_identification:_identify(task01) by extension 'ignore_ament_install'
[0.232s] Level 1:colcon.colcon_core.package_identification:_identify(task01) by extensions ['colcon_pkg']
[0.232s] Level 1:colcon.colcon_core.package_identification:_identify(task01) by extension 'colcon_pkg'
[0.232s] Level 1:colcon.colcon_core.package_identification:_identify(task01) by extensions ['colcon_meta']
[0.232s] Level 1:colcon.colcon_core.package_identification:_identify(task01) by extension 'colcon_meta'
[0.232s] Level 1:colcon.colcon_core.package_identification:_identify(task01) by extensions ['ros']
[0.232s] Level 1:colcon.colcon_core.package_identification:_identify(task01) by extension 'ros'
[0.234s] DEBUG:colcon.colcon_core.package_identification:Package 'task01' with type 'ros.ament_python' and name 'task01'
[0.234s] Level 1:colcon.colcon_core.package_identification:_identify(task02) by extensions ['ignore', 'ignore_ament_install']
[0.235s] Level 1:colcon.colcon_core.package_identification:_identify(task02) by extension 'ignore'
[0.235s] Level 1:colcon.colcon_core.package_identification:_identify(task02) by extension 'ignore_ament_install'
[0.235s] Level 1:colcon.colcon_core.package_identification:_identify(task02) by extensions ['colcon_pkg']
[0.235s] Level 1:colcon.colcon_core.package_identification:_identify(task02) by extension 'colcon_pkg'
[0.235s] Level 1:colcon.colcon_core.package_identification:_identify(task02) by extensions ['colcon_meta']
[0.235s] Level 1:colcon.colcon_core.package_identification:_identify(task02) by extension 'colcon_meta'
[0.235s] Level 1:colcon.colcon_core.package_identification:_identify(task02) by extensions ['ros']
[0.235s] Level 1:colcon.colcon_core.package_identification:_identify(task02) by extension 'ros'
[0.235s] DEBUG:colcon.colcon_core.package_identification:Package 'task02' with type 'ros.ament_python' and name 'task02'
[0.236s] Level 1:colcon.colcon_core.package_identification:_identify(task03) by extensions ['ignore', 'ignore_ament_install']
[0.236s] Level 1:colcon.colcon_core.package_identification:_identify(task03) by extension 'ignore'
[0.236s] Level 1:colcon.colcon_core.package_identification:_identify(task03) by extension 'ignore_ament_install'
[0.236s] Level 1:colcon.colcon_core.package_identification:_identify(task03) by extensions ['colcon_pkg']
[0.236s] Level 1:colcon.colcon_core.package_identification:_identify(task03) by extension 'colcon_pkg'
[0.236s] Level 1:colcon.colcon_core.package_identification:_identify(task03) by extensions ['colcon_meta']
[0.236s] Level 1:colcon.colcon_core.package_identification:_identify(task03) by extension 'colcon_meta'
[0.236s] Level 1:colcon.colcon_core.package_identification:_identify(task03) by extensions ['ros']
[0.236s] Level 1:colcon.colcon_core.package_identification:_identify(task03) by extension 'ros'
[0.237s] DEBUG:colcon.colcon_core.package_identification:Package 'task03' with type 'ros.ament_python' and name 'task03'
[0.237s] Level 1:colcon.colcon_core.package_identification:_identify(task04) by extensions ['ignore', 'ignore_ament_install']
[0.237s] Level 1:colcon.colcon_core.package_identification:_identify(task04) by extension 'ignore'
[0.237s] Level 1:colcon.colcon_core.package_identification:_identify(task04) by extension 'ignore_ament_install'
[0.237s] Level 1:colcon.colcon_core.package_identification:_identify(task04) by extensions ['colcon_pkg']
[0.237s] Level 1:colcon.colcon_core.package_identification:_identify(task04) by extension 'colcon_pkg'
[0.237s] Level 1:colcon.colcon_core.package_identification:_identify(task04) by extensions ['colcon_meta']
[0.237s] Level 1:colcon.colcon_core.package_identification:_identify(task04) by extension 'colcon_meta'
[0.237s] Level 1:colcon.colcon_core.package_identification:_identify(task04) by extensions ['ros']
[0.237s] Level 1:colcon.colcon_core.package_identification:_identify(task04) by extension 'ros'
[0.237s] Level 1:colcon.colcon_core.package_identification:_identify(task04) by extensions ['cmake', 'python']
[0.237s] Level 1:colcon.colcon_core.package_identification:_identify(task04) by extension 'cmake'
[0.237s] Level 1:colcon.colcon_core.package_identification:_identify(task04) by extension 'python'
[0.237s] Level 1:colcon.colcon_core.package_identification:_identify(task04) by extensions ['python_setup_py']
[0.237s] Level 1:colcon.colcon_core.package_identification:_identify(task04) by extension 'python_setup_py'
[0.237s] Level 1:colcon.colcon_core.package_discovery:discover_packages(recursive) using defaults
[0.237s] Level 1:colcon.colcon_core.package_discovery:discover_packages(ignore) discover
[0.237s] Level 1:colcon.colcon_core.package_discovery:discover_packages(ignore) using defaults
[0.237s] Level 1:colcon.colcon_core.package_discovery:discover_packages(path) discover
[0.237s] Level 1:colcon.colcon_core.package_discovery:discover_packages(path) using defaults
[0.257s] INFO:colcon.colcon_core.package_selection:Skipping not selected package 'task01' in 'task01'
[0.257s] INFO:colcon.colcon_core.package_selection:Skipping not selected package 'task02' in 'task02'
[0.257s] Level 5:colcon.colcon_core.verb:set package 'task03' build argument 'cmake_args' from command line to 'None'
[0.257s] Level 5:colcon.colcon_core.verb:set package 'task03' build argument 'cmake_target' from command line to 'None'
[0.257s] Level 5:colcon.colcon_core.verb:set package 'task03' build argument 'cmake_target_skip_unavailable' from command line to 'False'
[0.257s] Level 5:colcon.colcon_core.verb:set package 'task03' build argument 'cmake_clean_cache' from command line to 'False'
[0.257s] Level 5:colcon.colcon_core.verb:set package 'task03' build argument 'cmake_clean_first' from command line to 'False'
[0.257s] Level 5:colcon.colcon_core.verb:set package 'task03' build argument 'cmake_force_configure' from command line to 'False'
[0.257s] Level 5:colcon.colcon_core.verb:set package 'task03' build argument 'ament_cmake_args' from command line to 'None'
[0.257s] Level 5:colcon.colcon_core.verb:set package 'task03' build argument 'catkin_cmake_args' from command line to 'None'
[0.257s] Level 5:colcon.colcon_core.verb:set package 'task03' build argument 'catkin_skip_building_tests' from command line to 'False'
[0.257s] DEBUG:colcon.colcon_core.verb:Building package 'task03' with the following arguments: {'ament_cmake_args': None, 'build_base': '/workspace/ros2-iamblobfish/Practice02/src/build/task03', 'catkin_cmake_args': None, 'catkin_skip_building_tests': False, 'cmake_args': None, 'cmake_clean_cache': False, 'cmake_clean_first': False, 'cmake_force_configure': False, 'cmake_target': None, 'cmake_target_skip_unavailable': False, 'install_base': '/workspace/ros2-iamblobfish/Practice02/src/install/task03', 'merge_install': False, 'path': '/workspace/ros2-iamblobfish/Practice02/src/task03', 'symlink_install': False, 'test_result_base': None}
[0.257s] INFO:colcon.colcon_core.executor:Executing jobs using 'parallel' executor
[0.258s] DEBUG:colcon.colcon_parallel_executor.executor.parallel:run_until_complete
[0.258s] INFO:colcon.colcon_ros.task.ament_python.build:Building ROS package in '/workspace/ros2-iamblobfish/Practice02/src/task03' with build type 'ament_python'
[0.258s] Level 1:colcon.colcon_core.shell:create_environment_hook('task03', 'ament_prefix_path')
[0.261s] INFO:colcon.colcon_core.plugin_system:Skipping extension 'colcon_core.shell.bat': Not used on non-Windows systems
[0.261s] INFO:colcon.colcon_core.shell:Creating environment hook '/workspace/ros2-iamblobfish/Practice02/src/install/task03/share/task03/hook/ament_prefix_path.ps1'
[0.261s] INFO:colcon.colcon_core.shell:Creating environment descriptor '/workspace/ros2-iamblobfish/Practice02/src/install/task03/share/task03/hook/ament_prefix_path.dsv'
[0.262s] INFO:colcon.colcon_core.shell:Creating environment hook '/workspace/ros2-iamblobfish/Practice02/src/install/task03/share/task03/hook/ament_prefix_path.sh'
[0.262s] INFO:colcon.colcon_core.shell:Skip shell extension 'powershell' for command environment: Not usable outside of PowerShell
[0.262s] DEBUG:colcon.colcon_core.shell:Skip shell extension 'dsv' for command environment
[0.451s] INFO:colcon.colcon_core.task.python.build:Building Python package in '/workspace/ros2-iamblobfish/Practice02/src/task03'
[0.451s] INFO:colcon.colcon_core.shell:Skip shell extension 'powershell' for command environment: Not usable outside of PowerShell
[0.451s] DEBUG:colcon.colcon_core.shell:Skip shell extension 'dsv' for command environment
[0.706s] DEBUG:colcon.colcon_core.event_handler.log_command:Invoking command in '/workspace/ros2-iamblobfish/Practice02/src/task03': PYTHONPATH=/workspace/ros2-iamblobfish/Practice02/src/build/task03/prefix_override:/usr/lib/python3/dist-packages/colcon_core/task/python/colcon_distutils_commands:/workspace/ros2-iamblobfish/Practice02/src/install/task03/lib/python3.10/site-packages:${PYTHONPATH} /usr/bin/python3 -W ignore:setup.py install is deprecated setup.py egg_info --egg-base ../build/task03 build --build-base /workspace/ros2-iamblobfish/Practice02/src/build/task03/build install --record /workspace/ros2-iamblobfish/Practice02/src/build/task03/install.log --single-version-externally-managed install_data
[0.921s] DEBUG:colcon.colcon_core.event_handler.log_command:Invoked command in '/workspace/ros2-iamblobfish/Practice02/src/task03' returned '0': PYTHONPATH=/workspace/ros2-iamblobfish/Practice02/src/build/task03/prefix_override:/usr/lib/python3/dist-packages/colcon_core/task/python/colcon_distutils_commands:/workspace/ros2-iamblobfish/Practice02/src/install/task03/lib/python3.10/site-packages:${PYTHONPATH} /usr/bin/python3 -W ignore:setup.py install is deprecated setup.py egg_info --egg-base ../build/task03 build --build-base /workspace/ros2-iamblobfish/Practice02/src/build/task03/build install --record /workspace/ros2-iamblobfish/Practice02/src/build/task03/install.log --single-version-externally-managed install_data
[0.923s] Level 1:colcon.colcon_core.environment:checking '/workspace/ros2-iamblobfish/Practice02/src/install/task03' for CMake module files
[0.924s] Level 1:colcon.colcon_core.environment:checking '/workspace/ros2-iamblobfish/Practice02/src/install/task03' for CMake config files
[0.924s] Level 1:colcon.colcon_core.environment:checking '/workspace/ros2-iamblobfish/Practice02/src/install/task03/lib'
[0.925s] Level 1:colcon.colcon_core.environment:checking '/workspace/ros2-iamblobfish/Practice02/src/install/task03/bin'
[0.925s] Level 1:colcon.colcon_core.environment:checking '/workspace/ros2-iamblobfish/Practice02/src/install/task03/lib/pkgconfig/task03.pc'
[0.925s] Level 1:colcon.colcon_core.environment:checking '/workspace/ros2-iamblobfish/Practice02/src/install/task03/lib/python3.10/site-packages'
[0.925s] Level 1:colcon.colcon_core.shell:create_environment_hook('task03', 'pythonpath')
[0.925s] INFO:colcon.colcon_core.shell:Creating environment hook '/workspace/ros2-iamblobfish/Practice02/src/install/task03/share/task03/hook/pythonpath.ps1'
[0.925s] INFO:colcon.colcon_core.shell:Creating environment descriptor '/workspace/ros2-iamblobfish/Practice02/src/install/task03/share/task03/hook/pythonpath.dsv'
[0.926s] INFO:colcon.colcon_core.shell:Creating environment hook '/workspace/ros2-iamblobfish/Practice02/src/install/task03/share/task03/hook/pythonpath.sh'
[0.926s] Level 1:colcon.colcon_core.environment:checking '/workspace/ros2-iamblobfish/Practice02/src/install/task03/bin'
[0.926s] Level 1:colcon.colcon_core.environment:create_environment_scripts_only(task03)
[0.927s] INFO:colcon.colcon_core.shell:Creating package script '/workspace/ros2-iamblobfish/Practice02/src/install/task03/share/task03/package.ps1'
[0.927s] INFO:colcon.colcon_core.shell:Creating package descriptor '/workspace/ros2-iamblobfish/Practice02/src/install/task03/share/task03/package.dsv'
[0.928s] INFO:colcon.colcon_core.shell:Creating package script '/workspace/ros2-iamblobfish/Practice02/src/install/task03/share/task03/package.sh'
[0.928s] INFO:colcon.colcon_core.shell:Creating package script '/workspace/ros2-iamblobfish/Practice02/src/install/task03/share/task03/package.bash'
[0.929s] INFO:colcon.colcon_core.shell:Creating package script '/workspace/ros2-iamblobfish/Practice02/src/install/task03/share/task03/package.zsh'
[0.930s] Level 1:colcon.colcon_core.environment:create_file_with_runtime_dependencies(/workspace/ros2-iamblobfish/Practice02/src/install/task03/share/colcon-core/packages/task03)
[0.930s] DEBUG:colcon.colcon_parallel_executor.executor.parallel:closing loop
[0.930s] DEBUG:colcon.colcon_parallel_executor.executor.parallel:loop closed
[0.930s] DEBUG:colcon.colcon_parallel_executor.executor.parallel:run_until_complete finished with '0'
[0.930s] DEBUG:colcon.colcon_core.event_reactor:joining thread
[0.935s] INFO:colcon.colcon_core.plugin_system:Skipping extension 'colcon_notification.desktop_notification.notify_send': Could not find 'notify-send'
[0.935s] INFO:colcon.colcon_core.plugin_system:Skipping extension 'colcon_notification.desktop_notification.terminal_notifier': Not used on non-Darwin systems
[0.935s] INFO:colcon.colcon_core.plugin_system:Skipping extension 'colcon_notification.desktop_notification.win32': Not used on non-Windows systems
[0.935s] INFO:colcon.colcon_notification.desktop_notification:Sending desktop notification using 'notify2'
[0.935s] DEBUG:colcon.colcon_notification.desktop_notification.notify2:Failed to initialize notify2: org.freedesktop.DBus.Error.NotSupported: Unable to autolaunch a dbus-daemon without a $DISPLAY for X11
[0.935s] DEBUG:colcon.colcon_core.event_reactor:joined thread
[0.935s] INFO:colcon.colcon_core.shell:Creating prefix script '/workspace/ros2-iamblobfish/Practice02/src/install/local_setup.ps1'
[0.936s] INFO:colcon.colcon_core.shell:Creating prefix util module '/workspace/ros2-iamblobfish/Practice02/src/install/_local_setup_util_ps1.py'
[0.937s] INFO:colcon.colcon_core.shell:Creating prefix chain script '/workspace/ros2-iamblobfish/Practice02/src/install/setup.ps1'
[0.938s] INFO:colcon.colcon_core.shell:Creating prefix script '/workspace/ros2-iamblobfish/Practice02/src/install/local_setup.sh'
[0.939s] INFO:colcon.colcon_core.shell:Creating prefix util module '/workspace/ros2-iamblobfish/Practice02/src/install/_local_setup_util_sh.py'
[0.939s] INFO:colcon.colcon_core.shell:Creating prefix chain script '/workspace/ros2-iamblobfish/Practice02/src/install/setup.sh'
[0.940s] INFO:colcon.colcon_core.shell:Creating prefix script '/workspace/ros2-iamblobfish/Practice02/src/install/local_setup.bash'
[0.940s] INFO:colcon.colcon_core.shell:Creating prefix chain script '/workspace/ros2-iamblobfish/Practice02/src/install/setup.bash'
[0.941s] INFO:colcon.colcon_core.shell:Creating prefix script '/workspace/ros2-iamblobfish/Practice02/src/install/local_setup.zsh'
[0.941s] INFO:colcon.colcon_core.shell:Creating prefix chain script '/workspace/ros2-iamblobfish/Practice02/src/install/setup.zsh'
