[0.440s] Invoking command in '/workspace/ros2-iamblobfish/Practice02/src/task02': PYTHONPATH=/workspace/ros2-iamblobfish/Practice02/src/build/task02/prefix_override:/usr/lib/python3/dist-packages/colcon_core/task/python/colcon_distutils_commands:/workspace/ros2-iamblobfish/Practice02/src/install/task02/lib/python3.10/site-packages:${PYTHONPATH} /usr/bin/python3 -W ignore:setup.py install is deprecated setup.py egg_info --egg-base ../build/task02 build --build-base /workspace/ros2-iamblobfish/Practice02/src/build/task02/build install --record /workspace/ros2-iamblobfish/Practice02/src/build/task02/install.log --single-version-externally-managed install_data
[0.612s] running egg_info
[0.613s] writing ../build/task02/task02.egg-info/PKG-INFO
[0.613s] writing dependency_links to ../build/task02/task02.egg-info/dependency_links.txt
[0.613s] writing entry points to ../build/task02/task02.egg-info/entry_points.txt
[0.613s] writing requirements to ../build/task02/task02.egg-info/requires.txt
[0.613s] writing top-level names to ../build/task02/task02.egg-info/top_level.txt
[0.615s] reading manifest file '../build/task02/task02.egg-info/SOURCES.txt'
[0.615s] writing manifest file '../build/task02/task02.egg-info/SOURCES.txt'
[0.616s] running build
[0.616s] running build_py
[0.616s] running install
[0.616s] running install_lib
[0.618s] running install_data
[0.618s] copying launch/task02.launch -> /workspace/ros2-iamblobfish/Practice02/src/install/task02/share/task02/launch
[0.618s] running install_egg_info
[0.620s] removing '/workspace/ros2-iamblobfish/Practice02/src/install/task02/lib/python3.10/site-packages/task02-0.0.0-py3.10.egg-info' (and everything under it)
[0.620s] Copying ../build/task02/task02.egg-info to /workspace/ros2-iamblobfish/Practice02/src/install/task02/lib/python3.10/site-packages/task02-0.0.0-py3.10.egg-info
[0.621s] running install_scripts
[0.639s] Installing publisher script to /workspace/ros2-iamblobfish/Practice02/src/install/task02/lib/task02
[0.639s] writing list of installed files to '/workspace/ros2-iamblobfish/Practice02/src/build/task02/install.log'
[0.658s] Invoked command in '/workspace/ros2-iamblobfish/Practice02/src/task02' returned '0': PYTHONPATH=/workspace/ros2-iamblobfish/Practice02/src/build/task02/prefix_override:/usr/lib/python3/dist-packages/colcon_core/task/python/colcon_distutils_commands:/workspace/ros2-iamblobfish/Practice02/src/install/task02/lib/python3.10/site-packages:${PYTHONPATH} /usr/bin/python3 -W ignore:setup.py install is deprecated setup.py egg_info --egg-base ../build/task02 build --build-base /workspace/ros2-iamblobfish/Practice02/src/build/task02/build install --record /workspace/ros2-iamblobfish/Practice02/src/build/task02/install.log --single-version-externally-managed install_data
