running egg_info
creating ../build/task03/task03.egg-info
writing ../build/task03/task03.egg-info/PKG-INFO
writing dependency_links to ../build/task03/task03.egg-info/dependency_links.txt
writing entry points to ../build/task03/task03.egg-info/entry_points.txt
writing requirements to ../build/task03/task03.egg-info/requires.txt
writing top-level names to ../build/task03/task03.egg-info/top_level.txt
writing manifest file '../build/task03/task03.egg-info/SOURCES.txt'
reading manifest file '../build/task03/task03.egg-info/SOURCES.txt'
writing manifest file '../build/task03/task03.egg-info/SOURCES.txt'
running build
running build_py
creating /workspace/ros2-iamblobfish/Practice02/src/build/task03/build
creating /workspace/ros2-iamblobfish/Practice02/src/build/task03/build/lib
creating /workspace/ros2-iamblobfish/Practice02/src/build/task03/build/lib/task03
copying task03/__init__.py -> /workspace/ros2-iamblobfish/Practice02/src/build/task03/build/lib/task03
copying task03/service_node.py -> /workspace/ros2-iamblobfish/Practice02/src/build/task03/build/lib/task03
running install
running install_lib
creating /workspace/ros2-iamblobfish/Practice02/src/install/task03/lib/python3.10/site-packages/task03
copying /workspace/ros2-iamblobfish/Practice02/src/build/task03/build/lib/task03/__init__.py -> /workspace/ros2-iamblobfish/Practice02/src/install/task03/lib/python3.10/site-packages/task03
copying /workspace/ros2-iamblobfish/Practice02/src/build/task03/build/lib/task03/service_node.py -> /workspace/ros2-iamblobfish/Practice02/src/install/task03/lib/python3.10/site-packages/task03
byte-compiling /workspace/ros2-iamblobfish/Practice02/src/install/task03/lib/python3.10/site-packages/task03/__init__.py to __init__.cpython-310.pyc
byte-compiling /workspace/ros2-iamblobfish/Practice02/src/install/task03/lib/python3.10/site-packages/task03/service_node.py to service_node.cpython-310.pyc
running install_data
creating /workspace/ros2-iamblobfish/Practice02/src/install/task03/share/ament_index
creating /workspace/ros2-iamblobfish/Practice02/src/install/task03/share/ament_index/resource_index
creating /workspace/ros2-iamblobfish/Practice02/src/install/task03/share/ament_index/resource_index/packages
copying resource/task03 -> /workspace/ros2-iamblobfish/Practice02/src/install/task03/share/ament_index/resource_index/packages
copying package.xml -> /workspace/ros2-iamblobfish/Practice02/src/install/task03/share/task03
creating /workspace/ros2-iamblobfish/Practice02/src/install/task03/share/task03/launch
error: can't copy 'launch/task03.launch.py': doesn't exist or not a regular file
