[0.447s] Invoking command in '/workspace/ros2-iamblobfish/Practice02/src/task03': PYTHONPATH=/workspace/ros2-iamblobfish/Practice02/src/build/task03/prefix_override:/usr/lib/python3/dist-packages/colcon_core/task/python/colcon_distutils_commands:/workspace/ros2-iamblobfish/Practice02/src/install/task03/lib/python3.10/site-packages:${PYTHONPATH} /usr/bin/python3 -W ignore:setup.py install is deprecated setup.py egg_info --egg-base ../build/task03 build --build-base /workspace/ros2-iamblobfish/Practice02/src/build/task03/build install --record /workspace/ros2-iamblobfish/Practice02/src/build/task03/install.log --single-version-externally-managed install_data
[0.618s] running egg_info
[0.619s] creating ../build/task03/task03.egg-info
[0.619s] writing ../build/task03/task03.egg-info/PKG-INFO
[0.619s] writing dependency_links to ../build/task03/task03.egg-info/dependency_links.txt
[0.619s] writing entry points to ../build/task03/task03.egg-info/entry_points.txt
[0.619s] writing requirements to ../build/task03/task03.egg-info/requires.txt
[0.620s] writing top-level names to ../build/task03/task03.egg-info/top_level.txt
[0.620s] writing manifest file '../build/task03/task03.egg-info/SOURCES.txt'
[0.621s] reading manifest file '../build/task03/task03.egg-info/SOURCES.txt'
[0.622s] writing manifest file '../build/task03/task03.egg-info/SOURCES.txt'
[0.622s] running build
[0.622s] running build_py
[0.622s] creating /workspace/ros2-iamblobfish/Practice02/src/build/task03/build
[0.622s] creating /workspace/ros2-iamblobfish/Practice02/src/build/task03/build/lib
[0.622s] creating /workspace/ros2-iamblobfish/Practice02/src/build/task03/build/lib/task03
[0.622s] copying task03/__init__.py -> /workspace/ros2-iamblobfish/Practice02/src/build/task03/build/lib/task03
[0.622s] copying task03/service_node.py -> /workspace/ros2-iamblobfish/Practice02/src/build/task03/build/lib/task03
[0.622s] running install
[0.622s] running install_lib
[0.623s] creating /workspace/ros2-iamblobfish/Practice02/src/install/task03/lib/python3.10/site-packages/task03
[0.623s] copying /workspace/ros2-iamblobfish/Practice02/src/build/task03/build/lib/task03/__init__.py -> /workspace/ros2-iamblobfish/Practice02/src/install/task03/lib/python3.10/site-packages/task03
[0.623s] copying /workspace/ros2-iamblobfish/Practice02/src/build/task03/build/lib/task03/service_node.py -> /workspace/ros2-iamblobfish/Practice02/src/install/task03/lib/python3.10/site-packages/task03
[0.624s] byte-compiling /workspace/ros2-iamblobfish/Practice02/src/install/task03/lib/python3.10/site-packages/task03/__init__.py to __init__.cpython-310.pyc
[0.624s] byte-compiling /workspace/ros2-iamblobfish/Practice02/src/install/task03/lib/python3.10/site-packages/task03/service_node.py to service_node.cpython-310.pyc
[0.625s] running install_data
[0.625s] creating /workspace/ros2-iamblobfish/Practice02/src/install/task03/share/ament_index
[0.625s] creating /workspace/ros2-iamblobfish/Practice02/src/install/task03/share/ament_index/resource_index
[0.625s] creating /workspace/ros2-iamblobfish/Practice02/src/install/task03/share/ament_index/resource_index/packages
[0.625s] copying resource/task03 -> /workspace/ros2-iamblobfish/Practice02/src/install/task03/share/ament_index/resource_index/packages
[0.625s] copying package.xml -> /workspace/ros2-iamblobfish/Practice02/src/install/task03/share/task03
[0.625s] creating /workspace/ros2-iamblobfish/Practice02/src/install/task03/share/task03/launch
[0.626s] error: can't copy 'launch/task03.launch.py': doesn't exist or not a regular file
[0.640s] Invoked command in '/workspace/ros2-iamblobfish/Practice02/src/task03' returned '1': PYTHONPATH=/workspace/ros2-iamblobfish/Practice02/src/build/task03/prefix_override:/usr/lib/python3/dist-packages/colcon_core/task/python/colcon_distutils_commands:/workspace/ros2-iamblobfish/Practice02/src/install/task03/lib/python3.10/site-packages:${PYTHONPATH} /usr/bin/python3 -W ignore:setup.py install is deprecated setup.py egg_info --egg-base ../build/task03 build --build-base /workspace/ros2-iamblobfish/Practice02/src/build/task03/build install --record /workspace/ros2-iamblobfish/Practice02/src/build/task03/install.log --single-version-externally-managed install_data
