running egg_info
writing ../build/task03/task03.egg-info/PKG-INFO
writing dependency_links to ../build/task03/task03.egg-info/dependency_links.txt
writing entry points to ../build/task03/task03.egg-info/entry_points.txt
writing requirements to ../build/task03/task03.egg-info/requires.txt
writing top-level names to ../build/task03/task03.egg-info/top_level.txt
reading manifest file '../build/task03/task03.egg-info/SOURCES.txt'
writing manifest file '../build/task03/task03.egg-info/SOURCES.txt'
running build
running build_py
running install
running install_lib
running install_data
copying launch/task03.launch -> /workspace/ros2-iamblobfish/Practice02/src/install/task03/share/task03/launch
creating /workspace/ros2-iamblobfish/Practice02/src/install/task03/share/task03/config
copying config/task03.yaml -> /workspace/ros2-iamblobfish/Practice02/src/install/task03/share/task03/config
running install_egg_info
Copying ../build/task03/task03.egg-info to /workspace/ros2-iamblobfish/Practice02/src/install/task03/lib/python3.10/site-packages/task03-0.0.0-py3.10.egg-info
running install_scripts
Installing service_node script to /workspace/ros2-iamblobfish/Practice02/src/install/task03/lib/task03
writing list of installed files to '/workspace/ros2-iamblobfish/Practice02/src/build/task03/install.log'
