[0.447s] Invoking command in '/workspace/ros2-iamblobfish/Practice02/src/task03': PYTHONPATH=/workspace/ros2-iamblobfish/Practice02/src/build/task03/prefix_override:/usr/lib/python3/dist-packages/colcon_core/task/python/colcon_distutils_commands:/workspace/ros2-iamblobfish/Practice02/src/install/task03/lib/python3.10/site-packages:${PYTHONPATH} /usr/bin/python3 -W ignore:setup.py install is deprecated setup.py egg_info --egg-base ../build/task03 build --build-base /workspace/ros2-iamblobfish/Practice02/src/build/task03/build install --record /workspace/ros2-iamblobfish/Practice02/src/build/task03/install.log --single-version-externally-managed install_data
[0.619s] running egg_info
[0.620s] writing ../build/task03/task03.egg-info/PKG-INFO
[0.620s] writing dependency_links to ../build/task03/task03.egg-info/dependency_links.txt
[0.620s] writing entry points to ../build/task03/task03.egg-info/entry_points.txt
[0.620s] writing requirements to ../build/task03/task03.egg-info/requires.txt
[0.620s] writing top-level names to ../build/task03/task03.egg-info/top_level.txt
[0.621s] reading manifest file '../build/task03/task03.egg-info/SOURCES.txt'
[0.622s] writing manifest file '../build/task03/task03.egg-info/SOURCES.txt'
[0.622s] running build
[0.622s] running build_py
[0.623s] running install
[0.623s] running install_lib
[0.624s] running install_data
[0.625s] copying launch/task03.launch -> /workspace/ros2-iamblobfish/Practice02/src/install/task03/share/task03/launch
[0.625s] creating /workspace/ros2-iamblobfish/Practice02/src/install/task03/share/task03/config
[0.625s] copying config/task03.yaml -> /workspace/ros2-iamblobfish/Practice02/src/install/task03/share/task03/config
[0.625s] running install_egg_info
[0.626s] Copying ../build/task03/task03.egg-info to /workspace/ros2-iamblobfish/Practice02/src/install/task03/lib/python3.10/site-packages/task03-0.0.0-py3.10.egg-info
[0.627s] running install_scripts
[0.644s] Installing service_node script to /workspace/ros2-iamblobfish/Practice02/src/install/task03/lib/task03
[0.645s] writing list of installed files to '/workspace/ros2-iamblobfish/Practice02/src/build/task03/install.log'
[0.662s] Invoked command in '/workspace/ros2-iamblobfish/Practice02/src/task03' returned '0': PYTHONPATH=/workspace/ros2-iamblobfish/Practice02/src/build/task03/prefix_override:/usr/lib/python3/dist-packages/colcon_core/task/python/colcon_distutils_commands:/workspace/ros2-iamblobfish/Practice02/src/install/task03/lib/python3.10/site-packages:${PYTHONPATH} /usr/bin/python3 -W ignore:setup.py install is deprecated setup.py egg_info --egg-base ../build/task03 build --build-base /workspace/ros2-iamblobfish/Practice02/src/build/task03/build install --record /workspace/ros2-iamblobfish/Practice02/src/build/task03/install.log --single-version-externally-managed install_data
